[debug] [2020-08-30T02:54:26.675Z] ----------------------------------------------------------------------
[debug] [2020-08-30T02:54:26.677Z] Command:       /Users/dwright/.nvm/versions/node/v10.16.3/bin/node /Users/dwright/.nvm/versions/node/v10.16.3/bin/firebase serve --only functions
[debug] [2020-08-30T02:54:26.677Z] CLI Version:   8.9.2
[debug] [2020-08-30T02:54:26.677Z] Platform:      darwin
[debug] [2020-08-30T02:54:26.678Z] Node Version:  v10.16.3
[debug] [2020-08-30T02:54:26.678Z] Time:          Sat Aug 29 2020 22:54:26 GMT-0400 (Eastern Daylight Time)
[debug] [2020-08-30T02:54:26.678Z] ----------------------------------------------------------------------
[debug] [2020-08-30T02:54:26.679Z] 
[debug] [2020-08-30T02:54:26.687Z] > command requires scopes: ["email","openid","https://www.googleapis.com/auth/cloudplatformprojects.readonly","https://www.googleapis.com/auth/firebase","https://www.googleapis.com/auth/cloud-platform"]
[debug] [2020-08-30T02:54:26.687Z] > authorizing via signed-in user
[debug] [2020-08-30T02:54:26.688Z] [iam] checking project ispyrefi for permissions ["firebase.projects.get"]
[debug] [2020-08-30T02:54:26.691Z] >>> HTTP REQUEST POST https://cloudresourcemanager.googleapis.com/v1/projects/ispyrefi:testIamPermissions  
 {"permissions":["firebase.projects.get"]}
[debug] [2020-08-30T02:54:26.869Z] <<< HTTP RESPONSE 200 {"content-type":"application/json; charset=UTF-8","vary":"X-Origin, Referer, Origin,Accept-Encoding","date":"Sun, 30 Aug 2020 02:54:26 GMT","server":"ESF","cache-control":"private","x-xss-protection":"0","x-frame-options":"SAMEORIGIN","x-content-type-options":"nosniff","server-timing":"gfet4t7; dur=53","alt-svc":"h3-29=\":443\"; ma=2592000,h3-27=\":443\"; ma=2592000,h3-T051=\":443\"; ma=2592000,h3-T050=\":443\"; ma=2592000,h3-Q050=\":443\"; ma=2592000,h3-Q046=\":443\"; ma=2592000,h3-Q043=\":443\"; ma=2592000,quic=\":443\"; ma=2592000; v=\"46,43\"","accept-ranges":"none","transfer-encoding":"chunked"}
[debug] [2020-08-30T02:54:26.871Z] >>> HTTP REQUEST GET https://firebase.googleapis.com/v1beta1/projects/ispyrefi  
 
[debug] [2020-08-30T02:54:27.119Z] <<< HTTP RESPONSE 200 {"content-type":"application/json; charset=UTF-8","vary":"X-Origin, Referer, Origin,Accept-Encoding","date":"Sun, 30 Aug 2020 02:54:27 GMT","server":"ESF","cache-control":"private","x-xss-protection":"0","x-frame-options":"SAMEORIGIN","x-content-type-options":"nosniff","alt-svc":"h3-29=\":443\"; ma=2592000,h3-27=\":443\"; ma=2592000,h3-T051=\":443\"; ma=2592000,h3-T050=\":443\"; ma=2592000,h3-Q050=\":443\"; ma=2592000,h3-Q046=\":443\"; ma=2592000,h3-Q043=\":443\"; ma=2592000,quic=\":443\"; ma=2592000; v=\"46,43\"","accept-ranges":"none","transfer-encoding":"chunked"}
[info] ✔  functions: Using node@10 from host. {"metadata":{"emulator":{"name":"functions"},"message":"Using node@10 from host."}}
[debug] [2020-08-30T02:54:27.130Z] defaultcredentials: writing to file /Users/dwright/.config/firebase/douglas_wrightiii_gmail.com_application_default_credentials.json
[debug] [2020-08-30T02:54:27.131Z] Setting GAC to /Users/dwright/.config/firebase/douglas_wrightiii_gmail.com_application_default_credentials.json {"metadata":{"emulator":{"name":"functions"},"message":"Setting GAC to /Users/dwright/.config/firebase/douglas_wrightiii_gmail.com_application_default_credentials.json"}}
[info] i  functions: Watching "/Users/dwright/BootCamp/homework/i-spy-refi/functions" for Cloud Functions... {"metadata":{"emulator":{"name":"functions"},"message":"Watching \"/Users/dwright/BootCamp/homework/i-spy-refi/functions\" for Cloud Functions..."}}
[debug] [2020-08-30T02:54:27.148Z] [worker-pool] addWorker(~diagnostic~) {"metadata":{"emulator":{"name":"functions"},"message":"[worker-pool] addWorker(~diagnostic~)"}}
[debug] [2020-08-30T02:54:27.149Z] [worker-pool] Adding worker with key ~diagnostic~, total=1 {"metadata":{"emulator":{"name":"functions"},"message":"[worker-pool] Adding worker with key ~diagnostic~, total=1"}}
[debug] [2020-08-30T02:54:27.149Z] [worker-pool] submitWork(triggerId=) {"metadata":{"emulator":{"name":"functions"},"message":"[worker-pool] submitWork(triggerId=)"}}
[debug] [2020-08-30T02:54:27.149Z] [worker-~diagnostic~-ee749316-a0fa-4565-9e16-4394989dc091]: Assigning socketPath: /var/folders/h6/199tj_6j0vj5wk1sx2blntrh0r557_/T/fire_emu_5778.sock {"metadata":{"emulator":{"name":"functions"},"message":"[worker-~diagnostic~-ee749316-a0fa-4565-9e16-4394989dc091]: Assigning socketPath: /var/folders/h6/199tj_6j0vj5wk1sx2blntrh0r557_/T/fire_emu_5778.sock"}}
[debug] [2020-08-30T02:54:27.150Z] [worker-~diagnostic~-ee749316-a0fa-4565-9e16-4394989dc091]: BUSY {"metadata":{"emulator":{"name":"functions"},"message":"[worker-~diagnostic~-ee749316-a0fa-4565-9e16-4394989dc091]: BUSY"}}
[debug] [2020-08-30T02:54:27.462Z] [runtime-status] [5778] Functions runtime initialized. {"cwd":"/Users/dwright/BootCamp/homework/i-spy-refi/functions","node_version":"10.16.3"} {"metadata":{"emulator":{"name":"functions"},"message":"[runtime-status] [5778] Functions runtime initialized. {\"cwd\":\"/Users/dwright/BootCamp/homework/i-spy-refi/functions\",\"node_version\":\"10.16.3\"}"}}
[debug] [2020-08-30T02:54:27.463Z] [runtime-status] [5778] Disabled runtime features: undefined {"metadata":{"emulator":{"name":"functions"},"message":"[runtime-status] [5778] Disabled runtime features: undefined"}}
[debug] [2020-08-30T02:54:27.465Z] [runtime-status] [5778] Resolved module firebase-admin {"declared":true,"installed":true,"version":"8.13.0","resolution":"/Users/dwright/BootCamp/homework/i-spy-refi/functions/node_modules/firebase-admin/lib/index.js"} {"metadata":{"emulator":{"name":"functions"},"message":"[runtime-status] [5778] Resolved module firebase-admin {\"declared\":true,\"installed\":true,\"version\":\"8.13.0\",\"resolution\":\"/Users/dwright/BootCamp/homework/i-spy-refi/functions/node_modules/firebase-admin/lib/index.js\"}"}}
[debug] [2020-08-30T02:54:27.466Z] [runtime-status] [5778] Resolved module firebase-functions {"declared":true,"installed":true,"version":"3.11.0","resolution":"/Users/dwright/BootCamp/homework/i-spy-refi/functions/node_modules/firebase-functions/lib/index.js"} {"metadata":{"emulator":{"name":"functions"},"message":"[runtime-status] [5778] Resolved module firebase-functions {\"declared\":true,\"installed\":true,\"version\":\"3.11.0\",\"resolution\":\"/Users/dwright/BootCamp/homework/i-spy-refi/functions/node_modules/firebase-functions/lib/index.js\"}"}}
[debug] [2020-08-30T02:54:27.467Z] [runtime-status] [5778] Resolved module firebase-functions {"declared":true,"installed":true,"version":"3.11.0","resolution":"/Users/dwright/BootCamp/homework/i-spy-refi/functions/node_modules/firebase-functions/lib/index.js"} {"metadata":{"emulator":{"name":"functions"},"message":"[runtime-status] [5778] Resolved module firebase-functions {\"declared\":true,\"installed\":true,\"version\":\"3.11.0\",\"resolution\":\"/Users/dwright/BootCamp/homework/i-spy-refi/functions/node_modules/firebase-functions/lib/index.js\"}"}}
[debug] [2020-08-30T02:54:27.470Z] [runtime-status] [5778] Outgoing network have been stubbed. [{"name":"http","status":"mocked"},{"name":"http","status":"mocked"},{"name":"https","status":"mocked"},{"name":"https","status":"mocked"},{"name":"net","status":"mocked"}] {"metadata":{"emulator":{"name":"functions"},"message":"[runtime-status] [5778] Outgoing network have been stubbed. [{\"name\":\"http\",\"status\":\"mocked\"},{\"name\":\"http\",\"status\":\"mocked\"},{\"name\":\"https\",\"status\":\"mocked\"},{\"name\":\"https\",\"status\":\"mocked\"},{\"name\":\"net\",\"status\":\"mocked\"}]"}}
[debug] [2020-08-30T02:54:27.471Z] [runtime-status] [5778] Resolved module firebase-functions {"declared":true,"installed":true,"version":"3.11.0","resolution":"/Users/dwright/BootCamp/homework/i-spy-refi/functions/node_modules/firebase-functions/lib/index.js"} {"metadata":{"emulator":{"name":"functions"},"message":"[runtime-status] [5778] Resolved module firebase-functions {\"declared\":true,\"installed\":true,\"version\":\"3.11.0\",\"resolution\":\"/Users/dwright/BootCamp/homework/i-spy-refi/functions/node_modules/firebase-functions/lib/index.js\"}"}}
[debug] [2020-08-30T02:54:27.506Z] [runtime-status] [5778] Checked functions.config() {"config":{}} {"metadata":{"emulator":{"name":"functions"},"message":"[runtime-status] [5778] Checked functions.config() {\"config\":{}}"}}
[debug] [2020-08-30T02:54:27.506Z] [runtime-status] [5778] firebase-functions has been stubbed. {"functionsResolution":{"declared":true,"installed":true,"version":"3.11.0","resolution":"/Users/dwright/BootCamp/homework/i-spy-refi/functions/node_modules/firebase-functions/lib/index.js"}} {"metadata":{"emulator":{"name":"functions"},"message":"[runtime-status] [5778] firebase-functions has been stubbed. {\"functionsResolution\":{\"declared\":true,\"installed\":true,\"version\":\"3.11.0\",\"resolution\":\"/Users/dwright/BootCamp/homework/i-spy-refi/functions/node_modules/firebase-functions/lib/index.js\"}}"}}
[debug] [2020-08-30T02:54:27.506Z] [runtime-status] [5778] Resolved module firebase-functions {"declared":true,"installed":true,"version":"3.11.0","resolution":"/Users/dwright/BootCamp/homework/i-spy-refi/functions/node_modules/firebase-functions/lib/index.js"} {"metadata":{"emulator":{"name":"functions"},"message":"[runtime-status] [5778] Resolved module firebase-functions {\"declared\":true,\"installed\":true,\"version\":\"3.11.0\",\"resolution\":\"/Users/dwright/BootCamp/homework/i-spy-refi/functions/node_modules/firebase-functions/lib/index.js\"}"}}
[debug] [2020-08-30T02:54:27.507Z] [runtime-status] [5778] Resolved module firebase-admin {"declared":true,"installed":true,"version":"8.13.0","resolution":"/Users/dwright/BootCamp/homework/i-spy-refi/functions/node_modules/firebase-admin/lib/index.js"} {"metadata":{"emulator":{"name":"functions"},"message":"[runtime-status] [5778] Resolved module firebase-admin {\"declared\":true,\"installed\":true,\"version\":\"8.13.0\",\"resolution\":\"/Users/dwright/BootCamp/homework/i-spy-refi/functions/node_modules/firebase-admin/lib/index.js\"}"}}
[debug] [2020-08-30T02:54:27.507Z] [runtime-status] [5778] Resolved module firebase-functions {"declared":true,"installed":true,"version":"3.11.0","resolution":"/Users/dwright/BootCamp/homework/i-spy-refi/functions/node_modules/firebase-functions/lib/index.js"} {"metadata":{"emulator":{"name":"functions"},"message":"[runtime-status] [5778] Resolved module firebase-functions {\"declared\":true,\"installed\":true,\"version\":\"3.11.0\",\"resolution\":\"/Users/dwright/BootCamp/homework/i-spy-refi/functions/node_modules/firebase-functions/lib/index.js\"}"}}
[debug] [2020-08-30T02:54:27.507Z] [runtime-status] [5778] firebase-admin has been stubbed. {"adminResolution":{"declared":true,"installed":true,"version":"8.13.0","resolution":"/Users/dwright/BootCamp/homework/i-spy-refi/functions/node_modules/firebase-admin/lib/index.js"}} {"metadata":{"emulator":{"name":"functions"},"message":"[runtime-status] [5778] firebase-admin has been stubbed. {\"adminResolution\":{\"declared\":true,\"installed\":true,\"version\":\"8.13.0\",\"resolution\":\"/Users/dwright/BootCamp/homework/i-spy-refi/functions/node_modules/firebase-admin/lib/index.js\"}}"}}
[debug] [2020-08-30T02:54:27.561Z] [runtime-status] [5778] initializeApp(DEFAULT) {"databaseURL":"https://ispyrefi.firebaseio.com","storageBucket":"ispyrefi.appspot.com","projectId":"ispyrefi"} {"metadata":{"emulator":{"name":"functions"},"message":"[runtime-status] [5778] initializeApp(DEFAULT) {\"databaseURL\":\"https://ispyrefi.firebaseio.com\",\"storageBucket\":\"ispyrefi.appspot.com\",\"projectId\":\"ispyrefi\"}"}}
[info] ✔  functions[thing]: http function initialized (http://localhost:5000/ispyrefi/us-central1/thing). {"metadata":{"emulator":{"name":"functions"},"message":"\u001b[1mhttp\u001b[22m function initialized (http://localhost:5000/ispyrefi/us-central1/thing)."}}
[debug] [2020-08-30T02:54:27.564Z] [worker-~diagnostic~-ee749316-a0fa-4565-9e16-4394989dc091]: IDLE {"metadata":{"emulator":{"name":"functions"},"message":"[worker-~diagnostic~-ee749316-a0fa-4565-9e16-4394989dc091]: IDLE"}}
[debug] [2020-08-30T02:54:38.579Z] Functions emulator received unknown request at path /
[debug] [2020-08-30T02:54:38.664Z] Functions emulator received unknown request at path /favicon.ico
[debug] [2020-08-30T02:54:48.156Z] Functions emulator received unknown request at path /timestamp
